[INFO   ] Logger: Record log in /storage/emulated/0/organizer/.kivy/logs/kivy_20-06-05_55.txt
[INFO   ] Kivy: v1.11.0.dev0, git-8b6af30, 20190320
[INFO   ] Python: v3.7.2 (default, Mar 20 2019, 15:02:54) 
[GCC 8.2.0]
[INFO   ] KivyMD: v0.104.1
[INFO   ] Factory: 184 symbols loaded
[INFO   ] Image: Providers: img_tex, img_dds, img_sdl2, img_pil, img_gif (img_ffpyplayer ignored)
[INFO   ] Window: Provider: sdl2
[INFO   ] GL: Using the "OpenGL ES 2" graphics system
[INFO   ] GL: Backend used <sdl2>
[INFO   ] GL: OpenGL version <b'OpenGL ES 3.2 V@331.0 (GIT@50f1b2d, I1b05bd271c) (Date:04/09/19)'>
[INFO   ] GL: OpenGL vendor <b'Qualcomm'>
[INFO   ] GL: OpenGL renderer <b'Adreno (TM) 505'>
[INFO   ] GL: OpenGL parsed version: 3, 2
[INFO   ] GL: Texture max size <16384>
[INFO   ] GL: Texture max units <16>
[INFO   ] Window: auto add sdl2 input provider
[INFO   ] Window: virtual keyboard not allowed, single mode, not docked
[INFO   ] Text: Provider: sdl2
[INFO   ] GL: NPOT texture support is available
[WARNING] stderr: Traceback (most recent call last):
[WARNING] stderr:   File "/data/user/0/ru.iiec.pydroid3/files/aarch64-linux-android/lib/python3.7/site-packages/kivy/lang/builder.py", line 619, in _apply_rule
[WARNING] stderr:     setattr(widget_set, key, value)
[WARNING] stderr:   File "kivy/weakproxy.pyx", line 33, in kivy.weakproxy.WeakProxy.__setattr__
[WARNING] stderr:   File "kivy/properties.pyx", line 483, in kivy.properties.Property.__set__
[WARNING] stderr:   File "kivy/properties.pyx", line 506, in kivy.properties.Property.set
[WARNING] stderr:   File "kivy/properties.pyx", line 637, in kivy.properties.NumericProperty.convert
[WARNING] stderr: ValueError: TabsContainer.tab_indicator_height has an invalid format (got True)
[WARNING] stderr: 
[WARNING] stderr: During handling of the above exception, another exception occurred:
[WARNING] stderr: 
[WARNING] stderr: Traceback (most recent call last):
[WARNING] stderr:   File "/storage/emulated/0/organizer/new_app.py", line 295, in <module>
[WARNING] stderr:     NewApp().run()
[WARNING] stderr:   File "/data/user/0/ru.iiec.pydroid3/files/aarch64-linux-android/lib/python3.7/site-packages/kivy/app.py", line 800, in run
[WARNING] stderr:     root = self.build()
[WARNING] stderr:   File "/storage/emulated/0/organizer/new_app.py", line 251, in build
[WARNING] stderr:     return MainScreen()
[WARNING] stderr:   File "/storage/emulated/0/organizer/new_app.py", line 135, in __init__
[WARNING] stderr:     super().__init__(**kwargs)
[WARNING] stderr:   File "/data/user/0/ru.iiec.pydroid3/files/aarch64-linux-android/lib/python3.7/site-packages/kivy/uix/relativelayout.py", line 265, in __init__
[WARNING] stderr:     super(RelativeLayout, self).__init__(**kw)
[WARNING] stderr:   File "/data/user/0/ru.iiec.pydroid3/files/aarch64-linux-android/lib/python3.7/site-packages/kivy/uix/floatlayout.py", line 65, in __init__
[WARNING] stderr:     super(FloatLayout, self).__init__(**kwargs)
[WARNING] stderr:   File "/data/user/0/ru.iiec.pydroid3/files/aarch64-linux-android/lib/python3.7/site-packages/kivy/uix/layout.py", line 76, in __init__
[WARNING] stderr:     super(Layout, self).__init__(**kwargs)
[WARNING] stderr:   File "/data/user/0/ru.iiec.pydroid3/files/aarch64-linux-android/lib/python3.7/site-packages/kivy/uix/widget.py", line 348, in __init__
[WARNING] stderr:     Builder.apply(self, ignored_consts=self._kwargs_applied_init)
[WARNING] stderr:   File "/data/user/0/ru.iiec.pydroid3/files/aarch64-linux-android/lib/python3.7/site-packages/kivy/lang/builder.py", line 469, in apply
[WARNING] stderr:     self._apply_rule(widget, rule, rule, ignored_consts=ignored_consts)
[WARNING] stderr:   File "/data/user/0/ru.iiec.pydroid3/files/aarch64-linux-android/lib/python3.7/site-packages/kivy/lang/builder.py", line 630, in _apply_rule
[WARNING] stderr:     e), cause=tb)
[WARNING] stderr: kivy.lang.builder.BuilderException: Parser: File "/storage/emulated/0/organizer/new.kv", line 43:
[WARNING] stderr: ...
[WARNING] stderr:      41:            on_tab_switch: app.on_tab_switch(*args)
[WARNING] stderr:      42:            background_normal: 0,0,0,0
[WARNING] stderr: >>   43:            tab_indicator_height: True
[WARNING] stderr:      44:    
[WARNING] stderr:      45:    MDNavigationDrawer:
[WARNING] stderr: ...
[WARNING] stderr: ValueError: TabsContainer.tab_indicator_height has an invalid format (got True)
[WARNING] stderr:   File "/data/user/0/ru.iiec.pydroid3/files/aarch64-linux-android/lib/python3.7/site-packages/kivy/lang/builder.py", line 619, in _apply_rule
[WARNING] stderr:     setattr(widget_set, key, value)
[WARNING] stderr:   File "kivy/weakproxy.pyx", line 33, in kivy.weakproxy.WeakProxy.__setattr__
[WARNING] stderr:   File "kivy/properties.pyx", line 483, in kivy.properties.Property.__set__
[WARNING] stderr:   File "kivy/properties.pyx", line 506, in kivy.properties.Property.set
[WARNING] stderr:   File "kivy/properties.pyx", line 637, in kivy.properties.NumericProperty.convert
[WARNING] stderr: 
